<?xml version="1.0" encoding="UTF-8"?>
<!-- Generated by org.testng.reporters.JUnitXMLReporter -->
<testsuite ignored="0" hostname="LAPTOP-7J7LM3PT" failures="0" tests="6" name="Command line test" time="0.05" errors="0" timestamp="2020-05-11T00:01:47 CDT">
  <testcase classname="maventutorial.Mavenjava.AppiumTest" name="IOSApps" time="0.005"/>
  <testcase classname="maventutorial.Mavenjava.AppiumTest" name="NativeAppAndroid" time="0.001"/>
  <testcase classname="maventutorial.Mavenjava.RESTAPITest" name="deleteTwitter" time="0.001"/>
  <testcase classname="maventutorial.Mavenjava.RESTAPITest" name="postJira" time="0.0"/>
  <testcase classname="maventutorial.Mavenjava.SeleniumTest" name="BrowserAutomation" time="0.0"/>
  <testcase classname="maventutorial.Mavenjava.SeleniumTest" name="elementsUi" time="0.0"/>
</testsuite> <!-- Command line test -->
