<?xml version="1.0" encoding="UTF-8"?>
<!-- Generated by org.testng.reporters.JUnitXMLReporter -->
<testsuite ignored="0" hostname="LAPTOP-7J7LM3PT" failures="0" tests="4" name="Test" time="0.044" errors="0" timestamp="2020-05-09T01:02:22 CDT">
  <testcase classname="maventutorial.Mavenjava.RESTAPITest" name="deleteTwitter" time="0.004"/>
  <testcase classname="maventutorial.Mavenjava.RESTAPITest" name="postJira" time="0.0"/>
  <testcase classname="maventutorial.Mavenjava.SeleniumTest" name="BrowserAutomation" time="0.0"/>
  <testcase classname="maventutorial.Mavenjava.SeleniumTest" name="elementsUi" time="0.001"/>
</testsuite> <!-- Test -->
