<?xml version="1.0" encoding="UTF-8"?>
<testng-results ignored="0" total="6" passed="6" failed="0" skipped="0">
  <reporter-output>
  </reporter-output>
  <suite started-at="2020-05-11T00:01:47 CDT" name="Command line suite" finished-at="2020-05-11T00:01:47 CDT" duration-ms="50">
    <groups>
    </groups>
    <test started-at="2020-05-11T00:01:47 CDT" name="Command line test" finished-at="2020-05-11T00:01:47 CDT" duration-ms="50">
      <class name="maventutorial.Mavenjava.AppiumTest">
        <test-method signature="IOSApps()[pri:0, instance:maventutorial.Mavenjava.AppiumTest@43a0cee9]" started-at="2020-05-11T00:01:47 CDT" name="IOSApps" finished-at="2020-05-11T00:01:47 CDT" duration-ms="5" status="PASS">
          <reporter-output>
          </reporter-output>
        </test-method> <!-- IOSApps -->
        <test-method signature="NativeAppAndroid()[pri:0, instance:maventutorial.Mavenjava.AppiumTest@43a0cee9]" started-at="2020-05-11T00:01:47 CDT" name="NativeAppAndroid" finished-at="2020-05-11T00:01:47 CDT" duration-ms="1" status="PASS">
          <reporter-output>
          </reporter-output>
        </test-method> <!-- NativeAppAndroid -->
      </class> <!-- maventutorial.Mavenjava.AppiumTest -->
      <class name="maventutorial.Mavenjava.RESTAPITest">
        <test-method signature="deleteTwitter()[pri:0, instance:maventutorial.Mavenjava.RESTAPITest@eb21112]" started-at="2020-05-11T00:01:47 CDT" name="deleteTwitter" finished-at="2020-05-11T00:01:47 CDT" duration-ms="1" status="PASS">
          <reporter-output>
          </reporter-output>
        </test-method> <!-- deleteTwitter -->
        <test-method signature="postJira()[pri:0, instance:maventutorial.Mavenjava.RESTAPITest@eb21112]" started-at="2020-05-11T00:01:47 CDT" name="postJira" finished-at="2020-05-11T00:01:47 CDT" duration-ms="0" status="PASS">
          <reporter-output>
          </reporter-output>
        </test-method> <!-- postJira -->
      </class> <!-- maventutorial.Mavenjava.RESTAPITest -->
      <class name="maventutorial.Mavenjava.SeleniumTest">
        <test-method signature="BrowserAutomation()[pri:0, instance:maventutorial.Mavenjava.SeleniumTest@2eda0940]" started-at="2020-05-11T00:01:47 CDT" name="BrowserAutomation" finished-at="2020-05-11T00:01:47 CDT" duration-ms="0" status="PASS">
          <reporter-output>
          </reporter-output>
        </test-method> <!-- BrowserAutomation -->
        <test-method signature="elementsUi()[pri:0, instance:maventutorial.Mavenjava.SeleniumTest@2eda0940]" started-at="2020-05-11T00:01:47 CDT" name="elementsUi" finished-at="2020-05-11T00:01:47 CDT" duration-ms="0" status="PASS">
          <reporter-output>
          </reporter-output>
        </test-method> <!-- elementsUi -->
      </class> <!-- maventutorial.Mavenjava.SeleniumTest -->
    </test> <!-- Command line test -->
  </suite> <!-- Command line suite -->
</testng-results>
