<?xml version="1.0" encoding="UTF-8"?>
<testng-results ignored="0" total="2" passed="2" failed="0" skipped="0">
  <reporter-output>
  </reporter-output>
  <suite started-at="2020-05-08T23:55:27 CDT" name="Default suite" finished-at="2020-05-08T23:55:27 CDT" duration-ms="56">
    <groups>
    </groups>
    <test started-at="2020-05-08T23:55:27 CDT" name="Default test" finished-at="2020-05-08T23:55:27 CDT" duration-ms="56">
      <class name="maventutorial.Mavenjava.RESTAPITest">
        <test-method signature="deleteTwitter()[pri:0, instance:maventutorial.Mavenjava.RESTAPITest@4e91d63f]" started-at="2020-05-08T23:55:27 CDT" name="deleteTwitter" finished-at="2020-05-08T23:55:27 CDT" duration-ms="9" status="PASS">
          <reporter-output>
          </reporter-output>
        </test-method> <!-- deleteTwitter -->
        <test-method signature="postJira()[pri:0, instance:maventutorial.Mavenjava.RESTAPITest@4e91d63f]" started-at="2020-05-08T23:55:27 CDT" name="postJira" finished-at="2020-05-08T23:55:27 CDT" duration-ms="1" status="PASS">
          <reporter-output>
          </reporter-output>
        </test-method> <!-- postJira -->
      </class> <!-- maventutorial.Mavenjava.RESTAPITest -->
    </test> <!-- Default test -->
  </suite> <!-- Default suite -->
</testng-results>
